0 info it worked if it ends with ok
1 verbose cli [ '/usr/local/bin/iojs', '/usr/local/bin/npm', 'run', 'build' ]
2 info using npm@2.7.0
3 info using node@v1.5.0
4 verbose run-script [ 'prebuild', 'build', 'postbuild' ]
5 info prebuild rxjs-playground@1.0.0
6 info build rxjs-playground@1.0.0
7 verbose unsafe-perm in lifecycle true
8 info rxjs-playground@1.0.0 Failed to exec build script
9 verbose stack Error: rxjs-playground@1.0.0 build: `npm run build:js`
9 verbose stack Exit status 1
9 verbose stack     at EventEmitter.<anonymous> (/usr/local/lib/node_modules/npm/lib/utils/lifecycle.js:213:16)
9 verbose stack     at emitTwo (events.js:87:13)
9 verbose stack     at EventEmitter.emit (events.js:169:7)
9 verbose stack     at ChildProcess.<anonymous> (/usr/local/lib/node_modules/npm/lib/utils/spawn.js:14:12)
9 verbose stack     at emitTwo (events.js:87:13)
9 verbose stack     at ChildProcess.emit (events.js:169:7)
9 verbose stack     at maybeClose (child_process.js:984:16)
9 verbose stack     at Process.ChildProcess._handle.onexit (child_process.js:1057:5)
10 verbose pkgid rxjs-playground@1.0.0
11 verbose cwd /Users/stuartrunyan/Projects/rxjs-app
12 error Darwin 14.3.0
13 error argv "/usr/local/bin/iojs" "/usr/local/bin/npm" "run" "build"
14 error node v1.5.0
15 error npm  v2.7.0
16 error code ELIFECYCLE
17 error rxjs-playground@1.0.0 build: `npm run build:js`
17 error Exit status 1
18 error Failed at the rxjs-playground@1.0.0 build script 'npm run build:js'.
18 error This is most likely a problem with the rxjs-playground package,
18 error not with npm itself.
18 error Tell the author that this fails on your system:
18 error     npm run build:js
18 error You can get their info via:
18 error     npm owner ls rxjs-playground
18 error There is likely additional logging output above.
19 verbose exit [ 1, true ]
